sub1=int(input("Enter marks of the first subject: "))
sub2=int(input("Enter marks of the second subject: "))
sub3=int(input("Enter marks of the third subject: "))
sub4=int(input("Enter marks of the fourth subject: "))
sub5=int(input("Enter marks of the fifth subject: "))
avg=(sub1+sub2+sub3+sub4+sub4)/5
if(avg>=90):
    print("Grade: A")
elif(avg>=80&avg<90):
    print("Grade: B")
elif(avg>=70&avg<80):
    print("Grade: C")
elif(avg>=60&avg<70):
    print("Grade: D")
else:
    print("Grade: F")
==============================
Traceback (most recent call last):
  File "/usr/lib/python3.7/py_compile.py", line 143, in compile
    _optimize=optimize)
  File "<frozen importlib._bootstrap_external>", line 791, in source_to_code
  File "<frozen importlib._bootstrap>", line 219, in _call_with_frames_removed
  File "./prog.py", line 1
    your code goes heresub1=int(input("Enter marks of the first subject: "))
            ^
SyntaxError: invalid syntax

During handling of the above exception, another exception occurred:

Traceback (most recent call last):
  File "<string>", line 1, in <module>
  File "/usr/lib/python3.7/py_compile.py", line 147, in compile
    raise py_exc
py_compile.PyCompileError:   File "./prog.py", line 1
    your code goes heresub1=int(input("Enter marks of the first subject: "))
            ^
SyntaxError: invalid syntax
